config file path : config.ini
[2020-12-17 14:30:46] Initializing...
FISCO-BCOS Version : 2.7.1
Build Time         : 20201208 11:00:41
Build Type         : Linux/clang/Release
Git Branch         : HEAD
Git Commit Hash    : 50a7ffba26a7ebc925b7e98483000daaacc67a8a
[2020-12-17 14:30:46] The FISCO-BCOS is running...
[2020-12-17 14:36:54] FISCO-BCOS program exit normally.
config file path : config.ini
[2020-12-17 14:40:52] Initializing...
FISCO-BCOS Version : 2.7.1
Build Time         : 20201208 11:00:41
Build Type         : Linux/clang/Release
Git Branch         : HEAD
Git Commit Hash    : 50a7ffba26a7ebc925b7e98483000daaacc67a8a
[2020-12-17 14:40:52] The FISCO-BCOS is running...
config file path : config.ini
[2020-12-17 20:08:22] Initializing...
FISCO-BCOS Version : 2.7.1
Build Time         : 20201208 11:00:41
Build Type         : Linux/clang/Release
Git Branch         : HEAD
Git Commit Hash    : 50a7ffba26a7ebc925b7e98483000daaacc67a8a
[2020-12-17 20:08:23] The FISCO-BCOS is running...
config file path : config.ini
[2020-12-17 23:20:59] Initializing...
FISCO-BCOS Version : 2.7.1
Build Time         : 20201208 11:00:41
Build Type         : Linux/clang/Release
Git Branch         : HEAD
Git Commit Hash    : 50a7ffba26a7ebc925b7e98483000daaacc67a8a
[2020-12-17 23:20:59] The FISCO-BCOS is running...
config file path : config.ini
[2020-12-18 10:33:15] Initializing...
FISCO-BCOS Version : 2.7.1
Build Time         : 20201208 11:00:41
Build Type         : Linux/clang/Release
Git Branch         : HEAD
Git Commit Hash    : 50a7ffba26a7ebc925b7e98483000daaacc67a8a
[2020-12-18 10:33:15] The FISCO-BCOS is running...
